<?xml version="1.0" encoding="UTF-8"?>
<!-- Generated by org.testng.reporters.JUnitReportReporter -->
<testsuite skipped="0" hostname="Nithya-PC" name="org.testleaf.leaftaps.testcases.TC001_LoginLogout" tests="2" failures="0" timestamp="2019-09-08T03:36:53 PDT" time="12.893" errors="0">
  <testcase name="runTC001" time="6.446" classname="org.testleaf.leaftaps.testcases.TC001_LoginLogout"/>
  <testcase name="runTC001" time="6.447" classname="org.testleaf.leaftaps.testcases.TC001_LoginLogout"/>
</testsuite> <!-- org.testleaf.leaftaps.testcases.TC001_LoginLogout -->
